[0mGET / [36m304[0m 209.822 ms - -[0m
[0mGET /users/sign-in [36m304[0m 6.864 ms - -[0m
[0mPOST /users/create-session [36m302[0m 14.247 ms - 46[0m
[0mGET / [32m200[0m 38.020 ms - 11588[0m
[0mGET /posts/destroy/630f2b3a6fc9fe01c9bf9b50 [32m200[0m 42.746 ms - 72[0m
[0mGET /users/sign-out [36m302[0m 17.177 ms - 46[0m
[0mGET / [32m200[0m 53.874 ms - 6847[0m
[0mGET / [36m304[0m 237.549 ms - -[0m
[0mGET /favicon.ico [33m404[0m 20.902 ms - 150[0m
[0mGET /users/sign-in [32m200[0m 17.182 ms - 2067[0m
[0mPOST /users/create-session [36m302[0m 36.688 ms - 46[0m
[0mGET / [32m200[0m 66.156 ms - 9623[0m
[0mGET /users/sign-out [36m302[0m 10.567 ms - 46[0m
[0mGET / [32m200[0m 65.348 ms - 6847[0m
[0mGET / [36m304[0m 138.903 ms - -[0m
[0mGET /users/sign-in [36m304[0m 8.608 ms - -[0m
[0mGET /users/sign-in [36m304[0m 3.930 ms - -[0m
[0mPOST /users/create-session [36m302[0m 21.548 ms - 46[0m
[0mGET / [32m200[0m 45.369 ms - 9623[0m
[0mGET /users/profile/628bd5039c1837626725b225 [32m200[0m 9.283 ms - 4261[0m
[0mGET / [32m200[0m 22.517 ms - 9250[0m
[0mGET /users/profile/62a2318d6cecffb34a44abf6 [32m200[0m 17.915 ms - 3811[0m
[0mGET /users/profile/628bd6709c1837626725b22a [32m200[0m 7.608 ms - 3793[0m
[0mGET /users/profile/628bd5039c1837626725b225 [36m304[0m 10.153 ms - -[0m
[0mGET /users/sign-out [36m302[0m 5.611 ms - 46[0m
[0mGET / [32m200[0m 53.094 ms - 6847[0m
[0mGET /users/profile/628bd5039c1837626725b225 [31m500[0m 11.104 ms - 148[0m
[0mGET /users/profile/62a2318d6cecffb34a44abf6 [31m500[0m 7.521 ms - 148[0m
[0mGET / [36m304[0m 29.581 ms - -[0m
[0mGET / [36m304[0m 44.490 ms - -[0m
[0mGET /users/sign-in [36m304[0m 3.448 ms - -[0m
[0mPOST /users/create-session [36m302[0m 11.732 ms - 46[0m
[0mGET / [32m200[0m 31.932 ms - 9623[0m
